2026-02-01 00:04:36 - DataAnalysisAgent - INFO - Running LLM for: generate_analysis_code
2026-02-01 00:04:39 - DataAnalysisAgent - INFO - Running LLM for: generate_analysis_code
2026-02-01 00:05:03 - DataAnalysisAgent - INFO - Running LLM for: synthesize_conclusion
2026-02-01 00:05:03 - DataAnalysisAgent - INFO - Running LLM for: synthesize_conclusion
2026-02-01 00:08:02 - ExperimentRunner - INFO - [exp_20260131_235001_6e9c75eb] üîÑ Starting Manual Analysis & Conclusion Generation...
2026-02-01 00:08:02 - ExperimentRunner - INFO - [exp_20260131_235001_6e9c75eb] ‚úÖ Found existing environment: autoresearchlab/exp_exp_20260131_235001_6e9c75eb
2026-02-01 00:08:02 - ExperimentRunner - INFO - [exp_20260131_235001_6e9c75eb] üìà Starting Data Analysis & Conclusion Synthesis...
2026-02-01 00:08:02 - DataAnalysisAgent - INFO - Running LLM for: generate_analysis_code
2026-02-01 00:08:33 - ExperimentRunner - INFO - [exp_20260131_235001_6e9c75eb] üöÄ Executing final_analysis.py in Docker...
2026-02-01 00:08:36 - ExperimentRunner - INFO - [exp_20260131_235001_6e9c75eb] ‚ö†Ô∏è Analysis script execution failed: 
2026-02-01 00:08:36 - DataAnalysisAgent - INFO - Running LLM for: synthesize_conclusion
2026-02-01 00:08:40 - ExperimentRunner - INFO - [exp_20260131_235001_6e9c75eb] ‚úÖ Conclusion synthesized and saved to conclusion.json
2026-02-01 00:08:40 - ExperimentRunner - INFO - [exp_20260131_235001_6e9c75eb] üéâ Analysis completed successfully.
2026-02-01 00:10:01 - IdeaAgent - INFO - Refining topic: Áî®pythonÈ™åËØÅÂø´ÈÄüÊéíÂ∫èÂú®‰∏çÂêåÈÄÜÂ∫èÁöÑÊï∞ÊçÆ‰∏ãÊÄßËÉΩË°®Áé∞ÊÉÖÂÜµ
2026-02-01 00:10:13 - IdeaAgent - INFO - Topic refinement successful
2026-02-01 00:10:13 - IdeaAgent - INFO - Generating ideas for scope: Title: Impact of Data Inversion Degree on Quicksort Performance: A Python Benchmark
Abstract: This study investigates the performance degradation of the Quicksort algorithm when applied to datasets with varying degrees of inversion (e.g., 25%, 50%, 75%, 100% reversed). Using Python's `timeit` module, we benchmark average-case vs. worst-case scenarios, measuring runtime and memory usage across different input sizes (1K to 1M elements). Expected outcomes include empirical validation of theoretical O(n log n) vs. O(n¬≤) complexity and identification of thresholds where pivot selection strategies fail. Results will guide optimizations for partially sorted real-world data.
2026-02-01 00:10:42 - IdeaAgent - INFO - Idea generation execution finished
2026-02-01 00:10:42 - IdeaAgent - INFO - Generating ideas for scope: Title: Quicksort Adaptive Partitioning for Nearly-Sorted Arrays: A Python Optimization
Abstract: We propose a modified Quicksort algorithm with adaptive pivot selection (median-of-medians) and hybrid Insertion Sort fallback, specifically targeting inverted or nearly-sorted datasets in Python. The research compares vanilla Quicksort, this adaptive variant, and Timsort on synthetic datasets with controlled inversion ratios. Performance is evaluated using CPython's C-level profiling to isolate interpreter overhead. The goal is to determine whether algorithmic adaptations can mitigate worst-case behavior without significant overhead, providing a drop-in replacement for Python's built-in sort in edge cases.
2026-02-01 00:11:15 - IdeaAgent - INFO - Idea generation execution finished
2026-02-01 00:11:15 - IdeaAgent - INFO - Generating ideas for scope: Title: Memory Hierarchy Effects on Quicksort Performance with Inverted Datasets
Abstract: This research analyzes low-level hardware factors (cache misses, branch prediction failures) contributing to Quicksort's poor performance on inverted datasets in Python. Using Numba-JIT compiled Quicksort and hardware performance counters via `perf`, we quantify how inverted access patterns disrupt memory hierarchy efficiency. Experiments control for Python interpreter effects by comparing pure Python, Cython, and Numba implementations. Findings will isolate whether the bottleneck is algorithmic (comparisons) or architectural (memory access), informing decisions about when to switch to cache-oblivious alternatives like Mergesort.
2026-02-01 00:11:43 - IdeaAgent - INFO - Idea generation execution finished
2026-02-01 00:12:05 - ExperimentDesignAgent - INFO - Refining plan for idea: Hybrid Quicksort with Dynamic Insertion Sort Fallback for Small Partitions
2026-02-01 00:12:33 - ExperimentDesignAgent - INFO - Plan refinement completed successfully
2026-02-01 00:12:40 - ExperimentRunner - INFO - [exp_20260201_001202_a7086f2d] Initializing Git repository...
2026-02-01 00:12:40 - ExperimentRunner - INFO - [exp_20260201_001202_a7086f2d] Git repository initialized.
2026-02-01 00:12:40 - ExperimentRunner - INFO - [exp_20260201_001202_a7086f2d] Analyzing dependencies...
2026-02-01 00:12:40 - ExperimentRunner - INFO - [exp_20260201_001202_a7086f2d] Created requirements.txt with: seaborn, pandas, numpy, psutil, matplotlib
2026-02-01 00:12:40 - ExperimentRunner - INFO - [exp_20260201_001202_a7086f2d] Plan contains 9 steps (including setup and analysis).
2026-02-01 00:12:40 - ExperimentRunner - INFO - [exp_20260201_001202_a7086f2d] üî® Building experiment environment...
2026-02-01 00:12:40 - DockerSandbox - INFO - Building custom image autoresearchlab/exp_exp_20260201_001202_a7086f2d...
2026-02-01 00:12:55 - DockerSandbox - INFO - Custom image autoresearchlab/exp_exp_20260201_001202_a7086f2d built successfully.
2026-02-01 00:12:55 - ExperimentRunner - INFO - [exp_20260201_001202_a7086f2d] ‚úÖ Environment built successfully: autoresearchlab/exp_exp_20260201_001202_a7086f2d
2026-02-01 00:12:55 - ExperimentRunner - INFO - [exp_20260201_001202_a7086f2d] üìä Checking for data preparation requirements...
2026-02-01 00:12:55 - CodingAgent - INFO - Generating code for step: Data Preparation
2026-02-01 00:13:05 - CodingAgent - INFO - LLM Response received (length: 2508)
2026-02-01 00:13:05 - ExperimentRunner - INFO - [exp_20260201_001202_a7086f2d] üöÄ Running data preparation script...
2026-02-01 00:13:09 - ExperimentRunner - INFO - [exp_20260201_001202_a7086f2d] ‚úÖ Data preparation complete.
Output: No data setup needed

2026-02-01 00:13:09 - ExperimentRunner - INFO - [exp_20260201_001202_a7086f2d] ‚ñ∂Ô∏è Starting Step 1: Environment Setup
2026-02-01 00:13:09 - ExperimentRunner - INFO - [exp_20260201_001202_a7086f2d]    Description: Set up a Python development environment with necessary libraries for sorting algorithms and benchmarking.
2026-02-01 00:13:09 - ExperimentRunner - INFO - [exp_20260201_001202_a7086f2d] ü§ñ Generating code for Step 1...
2026-02-01 00:13:09 - CodingAgent - INFO - Generating code for step: Environment Setup
2026-02-01 00:13:16 - CodingAgent - INFO - LLM Response received (length: 1675)
2026-02-01 00:13:16 - ExperimentRunner - INFO - [exp_20260201_001202_a7086f2d] üíæ Saving code to step_1.py...
2026-02-01 00:13:16 - ExperimentRunner - INFO - [exp_20260201_001202_a7086f2d] üöÄ Executing step_1.py in Docker (Attempt 1)...
2026-02-01 00:13:23 - ExperimentRunner - INFO - [exp_20260201_001202_a7086f2d] ‚úÖ Execution successful.
2026-02-01 00:13:23 - ExperimentRunner - INFO - [exp_20260201_001202_a7086f2d] Output (truncated):
/home/researcher/workspace/step_1.py:5: DeprecationWarning: pkg_resources is deprecated as an API. See https://setuptools.pypa.io/en/latest/pkg_resources.html
  import pkg_resources
Defaulting to user installation because normal site-packages is not writeable
ERROR: Could not find a version that satisfies the requirement timeit (from versions: none)
ERROR: No matching distribution found for timeit

[notice] A new release of pip is available: 23.0.1 -> 26.0
[notice] To update, run: pip install --...
2026-02-01 00:13:23 - ExperimentRunner - INFO - [exp_20260201_001202_a7086f2d] üì¶ Commiting changes to Git...
2026-02-01 00:13:23 - ExperimentRunner - INFO - [exp_20260201_001202_a7086f2d] Git commit successful.
2026-02-01 00:13:23 - ExperimentRunner - INFO - [exp_20260201_001202_a7086f2d] ‚úÖ Step 1 completed sequence.
2026-02-01 00:13:24 - ExperimentRunner - INFO - [exp_20260201_001202_a7086f2d] ‚ñ∂Ô∏è Starting Step 2: Data Preparation
2026-02-01 00:13:24 - ExperimentRunner - INFO - [exp_20260201_001202_a7086f2d]    Description: Generate or obtain diverse datasets for testing, including nearly-sorted, inverted, and random arrays.
2026-02-01 00:13:24 - ExperimentRunner - INFO - [exp_20260201_001202_a7086f2d] ü§ñ Generating code for Step 2...
2026-02-01 00:13:24 - CodingAgent - INFO - Generating code for step: Data Preparation
2026-02-01 00:13:33 - CodingAgent - INFO - LLM Response received (length: 2106)
2026-02-01 00:13:33 - ExperimentRunner - INFO - [exp_20260201_001202_a7086f2d] üíæ Saving code to step_2.py...
2026-02-01 00:13:33 - ExperimentRunner - INFO - [exp_20260201_001202_a7086f2d] üöÄ Executing step_2.py in Docker (Attempt 1)...
2026-02-01 00:13:36 - ExperimentRunner - INFO - [exp_20260201_001202_a7086f2d] ‚úÖ Execution successful.
2026-02-01 00:13:36 - ExperimentRunner - INFO - [exp_20260201_001202_a7086f2d] Output:
Step: Data Preparation - Generating diverse datasets
Successfully saved datasets to datasets.json
Data preparation completed successfully.
2026-02-01 00:13:36 - ExperimentRunner - INFO - [exp_20260201_001202_a7086f2d] üì¶ Commiting changes to Git...
2026-02-01 00:13:36 - ExperimentRunner - INFO - [exp_20260201_001202_a7086f2d] Git commit successful.
2026-02-01 00:13:36 - ExperimentRunner - INFO - [exp_20260201_001202_a7086f2d] ‚úÖ Step 2 completed sequence.
2026-02-01 00:13:37 - ExperimentRunner - INFO - [exp_20260201_001202_a7086f2d] ‚ñ∂Ô∏è Starting Step 3: Implement Quicksort with Dynamic Thresholds
2026-02-01 00:13:37 - ExperimentRunner - INFO - [exp_20260201_001202_a7086f2d]    Description: Implement a hybrid Quicksort algorithm that dynamically switches to Insertion Sort based on partition size and recursion depth.
2026-02-01 00:13:37 - ExperimentRunner - INFO - [exp_20260201_001202_a7086f2d] ü§ñ Generating code for Step 3...
2026-02-01 00:13:37 - CodingAgent - INFO - Generating code for step: Implement Quicksort with Dynamic Thresholds
2026-02-01 00:13:51 - CodingAgent - INFO - LLM Response received (length: 3209)
2026-02-01 00:13:51 - ExperimentRunner - INFO - [exp_20260201_001202_a7086f2d] üíæ Saving code to step_3.py...
2026-02-01 00:13:51 - ExperimentRunner - INFO - [exp_20260201_001202_a7086f2d] üöÄ Executing step_3.py in Docker (Attempt 1)...
2026-02-01 00:13:53 - ExperimentRunner - INFO - [exp_20260201_001202_a7086f2d] ‚úÖ Execution successful.
2026-02-01 00:13:53 - ExperimentRunner - INFO - [exp_20260201_001202_a7086f2d] Output:
Testing hybrid Quicksort with dynamic thresholds...

Test Results:
Size: 100, Time: 0.0002s, Sorted: True
Size: 1000, Time: 0.0039s, Sorted: True
Size: 10000, Time: 0.2022s, Sorted: True
Results saved to quicksort_results.json
2026-02-01 00:13:53 - ExperimentRunner - INFO - [exp_20260201_001202_a7086f2d] üì¶ Commiting changes to Git...
2026-02-01 00:13:54 - ExperimentRunner - INFO - [exp_20260201_001202_a7086f2d] Git commit successful.
2026-02-01 00:13:54 - ExperimentRunner - INFO - [exp_20260201_001202_a7086f2d] ‚úÖ Step 3 completed sequence.
2026-02-01 00:13:55 - ExperimentRunner - INFO - [exp_20260201_001202_a7086f2d] ‚ñ∂Ô∏è Starting Step 4: Benchmarking Setup
2026-02-01 00:13:55 - ExperimentRunner - INFO - [exp_20260201_001202_a7086f2d]    Description: Prepare benchmarking scripts to compare the hybrid Quicksort against fixed-threshold hybrids and Python's Timsort.
2026-02-01 00:13:55 - ExperimentRunner - INFO - [exp_20260201_001202_a7086f2d] ü§ñ Generating code for Step 4...
2026-02-01 00:13:55 - CodingAgent - INFO - Generating code for step: Benchmarking Setup
2026-02-01 00:14:07 - CodingAgent - INFO - LLM Response received (length: 2852)
2026-02-01 00:14:07 - ExperimentRunner - INFO - [exp_20260201_001202_a7086f2d] üíæ Saving code to step_4.py...
2026-02-01 00:14:07 - ExperimentRunner - INFO - [exp_20260201_001202_a7086f2d] üöÄ Executing step_4.py in Docker (Attempt 1)...
2026-02-01 00:14:08 - ExperimentRunner - INFO - [exp_20260201_001202_a7086f2d] ‚úÖ Execution successful.
2026-02-01 00:14:08 - ExperimentRunner - INFO - [exp_20260201_001202_a7086f2d] Output:
Starting benchmarking...
Dataset sizes: [100, 1000, 10000, 100000]
Thresholds: [10, 50, 100]
An error occurred during benchmarking: cannot import name 'hybrid_quicksort' from '__main__' (/home/researcher/workspace/step_4.py)
2026-02-01 00:14:08 - ExperimentRunner - INFO - [exp_20260201_001202_a7086f2d] üì¶ Commiting changes to Git...
2026-02-01 00:14:08 - ExperimentRunner - INFO - [exp_20260201_001202_a7086f2d] Git commit successful.
2026-02-01 00:14:08 - ExperimentRunner - INFO - [exp_20260201_001202_a7086f2d] ‚úÖ Step 4 completed sequence.
2026-02-01 00:14:09 - ExperimentRunner - INFO - [exp_20260201_001202_a7086f2d] ‚ñ∂Ô∏è Starting Step 5: Benchmark Execution
2026-02-01 00:14:09 - ExperimentRunner - INFO - [exp_20260201_001202_a7086f2d]    Description: Run the hybrid Quicksort, fixed-threshold hybrids, and Timsort on the prepared datasets.
2026-02-01 00:14:09 - ExperimentRunner - INFO - [exp_20260201_001202_a7086f2d] ü§ñ Generating code for Step 5...
2026-02-01 00:14:09 - CodingAgent - INFO - Generating code for step: Benchmark Execution
2026-02-01 00:14:22 - CodingAgent - INFO - LLM Response received (length: 3488)
2026-02-01 00:14:22 - ExperimentRunner - INFO - [exp_20260201_001202_a7086f2d] üíæ Saving code to step_5.py...
2026-02-01 00:14:22 - ExperimentRunner - INFO - [exp_20260201_001202_a7086f2d] üöÄ Executing step_5.py in Docker (Attempt 1)...
2026-02-01 00:14:28 - ExperimentRunner - INFO - [exp_20260201_001202_a7086f2d] ‚ùå Execution failed (Attempt 1). Error:
Starting benchmark execution...

Benchmarking sorting algorithms...

Processing dataset: random_100
Completed random_100:
  Hybrid Quicksort (th=10): 0.000150s
  Hybrid Quicksort (th=50): 0.000185s
  ...
2026-02-01 00:14:28 - ExperimentRunner - INFO - [exp_20260201_001202_a7086f2d] ü§ñ Asking CodingAgent to fix the code...
2026-02-01 00:14:28 - CodingAgent - INFO - Attempting to fix code...
2026-02-01 00:14:50 - CodingAgent - INFO - Fix Response received (length: 5452)
2026-02-01 00:14:50 - ExperimentRunner - INFO - [exp_20260201_001202_a7086f2d] üíæ Saving fixed code to step_5.py...
2026-02-01 00:14:50 - ExperimentRunner - INFO - [exp_20260201_001202_a7086f2d] üîÑ Attempt 1/3: Fixing code...
2026-02-01 00:14:50 - ExperimentRunner - INFO - [exp_20260201_001202_a7086f2d] üöÄ Executing step_5.py in Docker (Attempt 2)...
2026-02-01 00:14:52 - ExperimentRunner - INFO - [exp_20260201_001202_a7086f2d] ‚úÖ Execution successful.
2026-02-01 00:14:52 - ExperimentRunner - INFO - [exp_20260201_001202_a7086f2d] Output (truncated):
Starting benchmark execution...

Benchmarking sorting algorithms...

Processing dataset: random_100
Completed random_100:
  Hybrid Quicksort (th=10): 0.000194s
  Hybrid Quicksort (th=50): 0.000318s
  Hybrid Quicksort (th=100): 0.000541s
  Timsort: 0.000023s

Processing dataset: nearly_sorted_100
Completed nearly_sorted_100:
  Hybrid Quicksort (th=10): 0.000297s
  Hybrid Quicksort (th=50): 0.000049s
  Hybrid Quicksort (th=100): 0.000025s
  Timsort: 0.000007s

Processing dataset: inverted_100
Comp...
2026-02-01 00:14:52 - ExperimentRunner - INFO - [exp_20260201_001202_a7086f2d] üì¶ Commiting changes to Git...
2026-02-01 00:14:53 - ExperimentRunner - INFO - [exp_20260201_001202_a7086f2d] Git commit successful.
2026-02-01 00:14:53 - ExperimentRunner - INFO - [exp_20260201_001202_a7086f2d] ‚úÖ Step 5 completed sequence.
2026-02-01 00:14:54 - ExperimentRunner - INFO - [exp_20260201_001202_a7086f2d] ‚ñ∂Ô∏è Starting Step 6: Performance Analysis and Visualization
2026-02-01 00:14:54 - ExperimentRunner - INFO - [exp_20260201_001202_a7086f2d]    Description: Analyze benchmark results and visualize performance comparisons.
2026-02-01 00:14:54 - ExperimentRunner - INFO - [exp_20260201_001202_a7086f2d] ü§ñ Generating code for Step 6...
2026-02-01 00:14:54 - CodingAgent - INFO - Generating code for step: Performance Analysis and Visualization
2026-02-01 00:15:05 - CodingAgent - INFO - LLM Response received (length: 2588)
2026-02-01 00:15:05 - ExperimentRunner - INFO - [exp_20260201_001202_a7086f2d] üíæ Saving code to step_6.py...
2026-02-01 00:15:05 - ExperimentRunner - INFO - [exp_20260201_001202_a7086f2d] üöÄ Executing step_6.py in Docker (Attempt 1)...
2026-02-01 00:15:11 - ExperimentRunner - INFO - [exp_20260201_001202_a7086f2d] ‚ùå Execution failed (Attempt 1). Error:
Error: Required columns (algorithm, time) not found in results.
Traceback (most recent call last):
  File "/home/researcher/workspace/step_6.py", line 87, in <module>
    main()
  File "/home/research...
2026-02-01 00:15:11 - ExperimentRunner - INFO - [exp_20260201_001202_a7086f2d] ü§ñ Asking CodingAgent to fix the code...
2026-02-01 00:15:11 - CodingAgent - INFO - Attempting to fix code...
2026-02-01 00:15:24 - ExperimentDesignAgent - INFO - Refining plan for idea: Adaptive Hybrid Sorting: Combining Quicksort with Insertion Sort for Real-World Data
2026-02-01 00:15:30 - CodingAgent - INFO - Fix Response received (length: 5661)
2026-02-01 00:15:30 - ExperimentRunner - INFO - [exp_20260201_001202_a7086f2d] üíæ Saving fixed code to step_6.py...
2026-02-01 00:15:30 - ExperimentRunner - INFO - [exp_20260201_001202_a7086f2d] üîÑ Attempt 1/3: Fixing code...
2026-02-01 00:15:30 - ExperimentRunner - INFO - [exp_20260201_001202_a7086f2d] üöÄ Executing step_6.py in Docker (Attempt 2)...
2026-02-01 00:15:34 - ExperimentRunner - INFO - [exp_20260201_001202_a7086f2d] ‚úÖ Execution successful.
2026-02-01 00:15:34 - ExperimentRunner - INFO - [exp_20260201_001202_a7086f2d] Output:
Loaded results structure type: <class 'dict'>
Error during visualization: Can only use .str accessor with string values!
Error: Required columns 'algorithm' and 'time' not found. Available columns: []
2026-02-01 00:15:34 - ExperimentRunner - INFO - [exp_20260201_001202_a7086f2d] üì¶ Commiting changes to Git...
2026-02-01 00:15:34 - ExperimentRunner - INFO - [exp_20260201_001202_a7086f2d] Git commit successful.
2026-02-01 00:15:34 - ExperimentRunner - INFO - [exp_20260201_001202_a7086f2d] ‚úÖ Step 6 completed sequence.
2026-02-01 00:15:35 - ExperimentRunner - INFO - [exp_20260201_001202_a7086f2d] üìà Starting Data Analysis & Conclusion Synthesis...
2026-02-01 00:15:35 - DataAnalysisAgent - INFO - Running LLM for: generate_analysis_code
2026-02-01 00:15:49 - ExperimentDesignAgent - INFO - Plan refinement completed successfully
2026-02-01 00:15:51 - ExperimentRunner - INFO - [exp_20260201_001202_a7086f2d] üöÄ Executing final_analysis.py in Docker...
2026-02-01 00:15:56 - ExperimentRunner - INFO - [exp_20260201_001522_7aa8effe] Initializing Git repository...
2026-02-01 00:15:56 - ExperimentRunner - INFO - [exp_20260201_001522_7aa8effe] Git repository initialized.
2026-02-01 00:15:56 - ExperimentRunner - INFO - [exp_20260201_001522_7aa8effe] Analyzing dependencies...
2026-02-01 00:15:56 - ExperimentRunner - INFO - [exp_20260201_001522_7aa8effe] Created requirements.txt with: pandas, seaborn, scipy, pytest-benchmark, numpy, matplotlib, memory_profiler, tqdm
2026-02-01 00:15:56 - ExperimentRunner - INFO - [exp_20260201_001522_7aa8effe] Plan contains 12 steps (including setup and analysis).
2026-02-01 00:15:56 - ExperimentRunner - INFO - [exp_20260201_001522_7aa8effe] üî® Building experiment environment...
2026-02-01 00:15:56 - DockerSandbox - INFO - Building custom image autoresearchlab/exp_exp_20260201_001522_7aa8effe...
2026-02-01 00:16:00 - ExperimentRunner - INFO - [exp_20260201_001202_a7086f2d] ‚ö†Ô∏è Analysis script execution failed: 
2026-02-01 00:16:00 - DataAnalysisAgent - INFO - Running LLM for: synthesize_conclusion
2026-02-01 00:16:05 - ExperimentRunner - INFO - [exp_20260201_001202_a7086f2d] ‚úÖ Conclusion synthesized and saved to conclusion.json
2026-02-01 00:16:05 - ExperimentRunner - INFO - [exp_20260201_001202_a7086f2d] üéâ All steps executed successfully. Experiment finished.
2026-02-01 00:16:14 - DockerSandbox - INFO - Custom image autoresearchlab/exp_exp_20260201_001522_7aa8effe built successfully.
2026-02-01 00:16:14 - ExperimentRunner - INFO - [exp_20260201_001522_7aa8effe] ‚úÖ Environment built successfully: autoresearchlab/exp_exp_20260201_001522_7aa8effe
2026-02-01 00:16:14 - ExperimentRunner - INFO - [exp_20260201_001522_7aa8effe] üìä Checking for data preparation requirements...
2026-02-01 00:16:14 - CodingAgent - INFO - Generating code for step: Data Preparation
2026-02-01 00:16:26 - CodingAgent - INFO - LLM Response received (length: 2541)
2026-02-01 00:16:26 - ExperimentRunner - INFO - [exp_20260201_001522_7aa8effe] üöÄ Running data preparation script...
2026-02-01 00:16:32 - ExperimentRunner - INFO - [exp_20260201_001522_7aa8effe] ‚úÖ Data preparation complete.
Output: No data setup needed.

2026-02-01 00:16:32 - ExperimentRunner - INFO - [exp_20260201_001522_7aa8effe] ‚ñ∂Ô∏è Starting Step 1: Environment Setup
2026-02-01 00:16:32 - ExperimentRunner - INFO - [exp_20260201_001522_7aa8effe]    Description: Create Python environment with benchmarking tools and data generation capabilities
2026-02-01 00:16:32 - ExperimentRunner - INFO - [exp_20260201_001522_7aa8effe] ü§ñ Generating code for Step 1...
2026-02-01 00:16:32 - CodingAgent - INFO - Generating code for step: Environment Setup
2026-02-01 00:16:47 - CodingAgent - INFO - LLM Response received (length: 3428)
2026-02-01 00:16:47 - ExperimentRunner - INFO - [exp_20260201_001522_7aa8effe] üíæ Saving code to step_1.py...
2026-02-01 00:16:47 - ExperimentRunner - INFO - [exp_20260201_001522_7aa8effe] üöÄ Executing step_1.py in Docker (Attempt 1)...
2026-02-01 00:16:47 - ExperimentRunner - INFO - [exp_20260201_001522_7aa8effe] ‚úÖ Execution successful.
2026-02-01 00:16:47 - ExperimentRunner - INFO - [exp_20260201_001522_7aa8effe] Output:
Checking system dependencies...
Missing dependencies: virtualenv
Please install virtualenv package first ('pip install virtualenv').
2026-02-01 00:16:47 - ExperimentRunner - INFO - [exp_20260201_001522_7aa8effe] üì¶ Commiting changes to Git...
2026-02-01 00:16:48 - ExperimentRunner - INFO - [exp_20260201_001522_7aa8effe] Git commit successful.
2026-02-01 00:16:48 - ExperimentRunner - INFO - [exp_20260201_001522_7aa8effe] ‚úÖ Step 1 completed sequence.
2026-02-01 00:16:49 - ExperimentRunner - INFO - [exp_20260201_001522_7aa8effe] ‚ñ∂Ô∏è Starting Step 2: Dataset Preparation
2026-02-01 00:16:49 - ExperimentRunner - INFO - [exp_20260201_001522_7aa8effe]    Description: Generate synthetic datasets with controlled inversion levels
2026-02-01 00:16:49 - ExperimentRunner - INFO - [exp_20260201_001522_7aa8effe] ü§ñ Generating code for Step 2...
2026-02-01 00:16:49 - CodingAgent - INFO - Generating code for step: Dataset Preparation
2026-02-01 00:17:06 - CodingAgent - INFO - LLM Response received (length: 3690)
2026-02-01 00:17:06 - ExperimentRunner - INFO - [exp_20260201_001522_7aa8effe] üíæ Saving code to step_2.py...
2026-02-01 00:17:06 - ExperimentRunner - INFO - [exp_20260201_001522_7aa8effe] üöÄ Executing step_2.py in Docker (Attempt 1)...
2026-02-01 00:17:07 - ExperimentRunner - INFO - [exp_20260201_001522_7aa8effe] ‚úÖ Execution successful.
2026-02-01 00:17:07 - ExperimentRunner - INFO - [exp_20260201_001522_7aa8effe] Output (truncated):
Generating synthetic datasets with controlled inversion levels...
Success! Generated 5 datasets:
- inversion_0.10 (inversion level: 0.10)
- inversion_0.30 (inversion level: 0.30)
- inversion_0.50 (inversion level: 0.50)
- inversion_0.70 (inversion level: 0.70)
- inversion_0.90 (inversion level: 0.90)
Saved files: inversion_0.10_features.npy, inversion_0.10_labels.npy, inversion_0.10.csv, inversion_0.10_meta.json, inversion_0.30_features.npy, inversion_0.30_labels.npy, inversion_0.30.csv, inversi...
2026-02-01 00:17:07 - ExperimentRunner - INFO - [exp_20260201_001522_7aa8effe] üì¶ Commiting changes to Git...
2026-02-01 00:17:08 - ExperimentRunner - INFO - [exp_20260201_001522_7aa8effe] Git commit successful.
2026-02-01 00:17:08 - ExperimentRunner - INFO - [exp_20260201_001522_7aa8effe] ‚úÖ Step 2 completed sequence.
2026-02-01 00:17:09 - ExperimentRunner - INFO - [exp_20260201_001522_7aa8effe] ‚ñ∂Ô∏è Starting Step 3: Base Algorithm Implementation
2026-02-01 00:17:09 - ExperimentRunner - INFO - [exp_20260201_001522_7aa8effe]    Description: Implement baseline Quicksort and Insertion Sort algorithms optimized for Python
2026-02-01 00:17:09 - ExperimentRunner - INFO - [exp_20260201_001522_7aa8effe] ü§ñ Generating code for Step 3...
2026-02-01 00:17:09 - CodingAgent - INFO - Generating code for step: Base Algorithm Implementation
2026-02-01 00:17:23 - CodingAgent - INFO - LLM Response received (length: 2863)
2026-02-01 00:17:23 - ExperimentRunner - INFO - [exp_20260201_001522_7aa8effe] üíæ Saving code to step_3.py...
2026-02-01 00:17:23 - ExperimentRunner - INFO - [exp_20260201_001522_7aa8effe] üöÄ Executing step_3.py in Docker (Attempt 1)...
2026-02-01 00:17:25 - ExperimentRunner - INFO - [exp_20260201_001522_7aa8effe] ‚úÖ Execution successful.
2026-02-01 00:17:25 - ExperimentRunner - INFO - [exp_20260201_001522_7aa8effe] Output (truncated):
Starting sorting algorithm benchmark...

Running benchmarks for random data...
Running Quicksort...
Quicksort completed in 0.007173 seconds. Valid: True
Running Insertion Sort...
Insertion Sort completed in 0.123091 seconds. Valid: True

Running benchmarks for sorted data...
Running Quicksort...
Quicksort completed in 0.003398 seconds. Valid: True
Running Insertion Sort...
Insertion Sort completed in 0.001034 seconds. Valid: True

Running benchmarks for reversed data...
Running Quicksort...
Quic...
2026-02-01 00:17:25 - ExperimentRunner - INFO - [exp_20260201_001522_7aa8effe] üì¶ Commiting changes to Git...
2026-02-01 00:17:25 - ExperimentRunner - INFO - [exp_20260201_001522_7aa8effe] Git commit successful.
2026-02-01 00:17:25 - ExperimentRunner - INFO - [exp_20260201_001522_7aa8effe] ‚úÖ Step 3 completed sequence.
2026-02-01 00:17:26 - ExperimentRunner - INFO - [exp_20260201_001522_7aa8effe] ‚ñ∂Ô∏è Starting Step 4: Inversion Detection Implementation
2026-02-01 00:17:26 - ExperimentRunner - INFO - [exp_20260201_001522_7aa8effe]    Description: Implement inversion degree measurement subsystem
2026-02-01 00:17:26 - ExperimentRunner - INFO - [exp_20260201_001522_7aa8effe] ü§ñ Generating code for Step 4...
2026-02-01 00:17:26 - CodingAgent - INFO - Generating code for step: Inversion Detection Implementation
2026-02-01 00:17:43 - CodingAgent - INFO - LLM Response received (length: 4169)
2026-02-01 00:17:43 - ExperimentRunner - INFO - [exp_20260201_001522_7aa8effe] üíæ Saving code to step_4.py...
2026-02-01 00:17:43 - ExperimentRunner - INFO - [exp_20260201_001522_7aa8effe] üöÄ Executing step_4.py in Docker (Attempt 1)...
2026-02-01 00:17:46 - ExperimentRunner - INFO - [exp_20260201_001522_7aa8effe] ‚úÖ Execution successful.
2026-02-01 00:17:46 - ExperimentRunner - INFO - [exp_20260201_001522_7aa8effe] Output (truncated):
Starting inversion degree measurement...
Found 5 inversion datasets to process

Processing inversion_0.10...
Inversion degree for inversion_0.10: 0.9699
Saved results to inversion_0.10_results.json

Processing inversion_0.30...
Inversion degree for inversion_0.30: 0.9646
Saved results to inversion_0.30_results.json

Processing inversion_0.50...
Inversion degree for inversion_0.50: 0.9700
Saved results to inversion_0.50_results.json

Processing inversion_0.70...
Inversion degree for inversion_0.7...
2026-02-01 00:17:46 - ExperimentRunner - INFO - [exp_20260201_001522_7aa8effe] üì¶ Commiting changes to Git...
2026-02-01 00:17:47 - ExperimentRunner - INFO - [exp_20260201_001522_7aa8effe] Git commit successful.
2026-02-01 00:17:47 - ExperimentRunner - INFO - [exp_20260201_001522_7aa8effe] ‚úÖ Step 4 completed sequence.
2026-02-01 00:17:48 - ExperimentRunner - INFO - [exp_20260201_001522_7aa8effe] ‚ñ∂Ô∏è Starting Step 5: Threshold Determination
2026-02-01 00:17:48 - ExperimentRunner - INFO - [exp_20260201_001522_7aa8effe]    Description: Empirically determine optimal switching thresholds
2026-02-01 00:17:48 - ExperimentRunner - INFO - [exp_20260201_001522_7aa8effe] ü§ñ Generating code for Step 5...
2026-02-01 00:17:48 - CodingAgent - INFO - Generating code for step: Threshold Determination
2026-02-01 00:18:04 - CodingAgent - INFO - LLM Response received (length: 3496)
2026-02-01 00:18:04 - ExperimentRunner - INFO - [exp_20260201_001522_7aa8effe] üíæ Saving code to step_5.py...
2026-02-01 00:18:04 - ExperimentRunner - INFO - [exp_20260201_001522_7aa8effe] üöÄ Executing step_5.py in Docker (Attempt 1)...
2026-02-01 00:18:09 - ExperimentRunner - INFO - [exp_20260201_001522_7aa8effe] ‚ùå Execution failed (Attempt 1). Error:
/home/researcher/.local/lib/python3.10/site-packages/scipy/stats/_kde.py:208: RuntimeWarning: invalid value encountered in divide
  self._weights /= sum(self._weights)
Starting threshold determination...
2026-02-01 00:18:09 - ExperimentRunner - INFO - [exp_20260201_001522_7aa8effe] ü§ñ Asking CodingAgent to fix the code...
2026-02-01 00:18:09 - CodingAgent - INFO - Attempting to fix code...
2026-02-01 00:18:30 - CodingAgent - INFO - Fix Response received (length: 6027)
2026-02-01 00:18:30 - ExperimentRunner - INFO - [exp_20260201_001522_7aa8effe] üíæ Saving fixed code to step_5.py...
2026-02-01 00:18:30 - ExperimentRunner - INFO - [exp_20260201_001522_7aa8effe] üîÑ Attempt 1/3: Fixing code...
2026-02-01 00:18:30 - ExperimentRunner - INFO - [exp_20260201_001522_7aa8effe] üöÄ Executing step_5.py in Docker (Attempt 2)...
2026-02-01 00:18:34 - ExperimentRunner - INFO - [exp_20260201_001522_7aa8effe] ‚úÖ Execution successful.
2026-02-01 00:18:34 - ExperimentRunner - INFO - [exp_20260201_001522_7aa8effe] Output (truncated):
/home/researcher/.local/lib/python3.10/site-packages/scipy/stats/_kde.py:208: RuntimeWarning: invalid value encountered in divide
  self._weights /= sum(self._weights)
Starting threshold determination...
Warning: Could not parse threshold from filename inversion_degrees_results.json: could not convert string to float: 'degrees'
Warning: KDE failed, using simple max accuracy threshold: array must not contain infs or NaNs
Determined optimal threshold: 0.5000
Saved optimal threshold results to opti...
2026-02-01 00:18:34 - ExperimentRunner - INFO - [exp_20260201_001522_7aa8effe] üì¶ Commiting changes to Git...
2026-02-01 00:18:34 - ExperimentRunner - INFO - [exp_20260201_001522_7aa8effe] Git commit successful.
2026-02-01 00:18:34 - ExperimentRunner - INFO - [exp_20260201_001522_7aa8effe] ‚úÖ Step 5 completed sequence.
2026-02-01 00:18:35 - ExperimentRunner - INFO - [exp_20260201_001522_7aa8effe] ‚ñ∂Ô∏è Starting Step 6: Hybrid Algorithm Implementation
2026-02-01 00:18:35 - ExperimentRunner - INFO - [exp_20260201_001522_7aa8effe]    Description: Implement adaptive hybrid sorting algorithm
2026-02-01 00:18:35 - ExperimentRunner - INFO - [exp_20260201_001522_7aa8effe] ü§ñ Generating code for Step 6...
2026-02-01 00:18:35 - CodingAgent - INFO - Generating code for step: Hybrid Algorithm Implementation
2026-02-01 00:19:09 - CodingAgent - INFO - LLM Response received (length: 7343)
2026-02-01 00:19:09 - ExperimentRunner - INFO - [exp_20260201_001522_7aa8effe] üíæ Saving code to step_6.py...
2026-02-01 00:19:09 - ExperimentRunner - INFO - [exp_20260201_001522_7aa8effe] üöÄ Executing step_6.py in Docker (Attempt 1)...
2026-02-01 00:19:15 - ExperimentRunner - INFO - [exp_20260201_001522_7aa8effe] ‚úÖ Execution successful.
2026-02-01 00:19:15 - ExperimentRunner - INFO - [exp_20260201_001522_7aa8effe] Output (truncated):
Starting Hybrid Algorithm Implementation...
Detected inversion degree: 1.00, using strategy: quicksort
Error sorting feature 0 in inv_0.10: The 'y_true' parameter of accuracy_score must be an array-like or a sparse matrix. Got 0 instead.
Detected inversion degree: 1.00, using strategy: quicksort
Error sorting feature 1 in inv_0.10: The 'y_true' parameter of accuracy_score must be an array-like or a sparse matrix. Got 1 instead.
Detected inversion degree: 0.00, using strategy: timsort
Error sorti...
2026-02-01 00:19:15 - ExperimentRunner - INFO - [exp_20260201_001522_7aa8effe] üì¶ Commiting changes to Git...
2026-02-01 00:19:15 - ExperimentRunner - INFO - [exp_20260201_001522_7aa8effe] Git commit successful.
2026-02-01 00:19:15 - ExperimentRunner - INFO - [exp_20260201_001522_7aa8effe] ‚úÖ Step 6 completed sequence.
2026-02-01 00:19:16 - ExperimentRunner - INFO - [exp_20260201_001522_7aa8effe] ‚ñ∂Ô∏è Starting Step 7: Benchmarking Setup
2026-02-01 00:19:16 - ExperimentRunner - INFO - [exp_20260201_001522_7aa8effe]    Description: Create controlled benchmarking environment
2026-02-01 00:19:16 - ExperimentRunner - INFO - [exp_20260201_001522_7aa8effe] ü§ñ Generating code for Step 7...
2026-02-01 00:19:16 - CodingAgent - INFO - Generating code for step: Benchmarking Setup
2026-02-01 00:19:37 - CodingAgent - INFO - LLM Response received (length: 4044)
2026-02-01 00:19:37 - ExperimentRunner - INFO - [exp_20260201_001522_7aa8effe] üíæ Saving code to step_7.py...
2026-02-01 00:19:37 - ExperimentRunner - INFO - [exp_20260201_001522_7aa8effe] üöÄ Executing step_7.py in Docker (Attempt 1)...
2026-02-01 00:19:41 - ExperimentRunner - INFO - [exp_20260201_001522_7aa8effe] ‚ùå Execution failed (Attempt 1). Error:
Setting up benchmarking environment...
Benchmark configuration saved to benchmark_config.json
Running benchmarks...
Error benchmarking memory for inversion_0.10_features.npy: 'float' object is not ite...
2026-02-01 00:19:41 - ExperimentRunner - INFO - [exp_20260201_001522_7aa8effe] ü§ñ Asking CodingAgent to fix the code...
2026-02-01 00:19:41 - CodingAgent - INFO - Attempting to fix code...
2026-02-01 00:20:07 - CodingAgent - INFO - Fix Response received (length: 6158)
2026-02-01 00:20:07 - ExperimentRunner - INFO - [exp_20260201_001522_7aa8effe] üíæ Saving fixed code to step_7.py...
2026-02-01 00:20:07 - ExperimentRunner - INFO - [exp_20260201_001522_7aa8effe] üîÑ Attempt 1/3: Fixing code...
2026-02-01 00:20:07 - ExperimentRunner - INFO - [exp_20260201_001522_7aa8effe] üöÄ Executing step_7.py in Docker (Attempt 2)...
2026-02-01 00:20:10 - ExperimentRunner - INFO - [exp_20260201_001522_7aa8effe] ‚úÖ Execution successful.
2026-02-01 00:20:10 - ExperimentRunner - INFO - [exp_20260201_001522_7aa8effe] Output:
Setting up benchmarking environment...
Benchmark configuration saved to benchmark_config.json
Running benchmarks...
Benchmark results saved to benchmark_results.json
Benchmarking setup completed successfully.
2026-02-01 00:20:10 - ExperimentRunner - INFO - [exp_20260201_001522_7aa8effe] üì¶ Commiting changes to Git...
2026-02-01 00:20:11 - ExperimentRunner - INFO - [exp_20260201_001522_7aa8effe] Git commit successful.
2026-02-01 00:20:11 - ExperimentRunner - INFO - [exp_20260201_001522_7aa8effe] ‚úÖ Step 7 completed sequence.
2026-02-01 00:20:12 - ExperimentRunner - INFO - [exp_20260201_001522_7aa8effe] ‚ñ∂Ô∏è Starting Step 8: Comprehensive Benchmarking
2026-02-01 00:20:12 - ExperimentRunner - INFO - [exp_20260201_001522_7aa8effe]    Description: Execute performance tests across all parameter combinations
2026-02-01 00:20:12 - ExperimentRunner - INFO - [exp_20260201_001522_7aa8effe] ü§ñ Generating code for Step 8...
2026-02-01 00:20:12 - CodingAgent - INFO - Generating code for step: Comprehensive Benchmarking
2026-02-01 00:20:30 - CodingAgent - INFO - LLM Response received (length: 3500)
2026-02-01 00:20:30 - ExperimentRunner - INFO - [exp_20260201_001522_7aa8effe] üíæ Saving code to step_8.py...
2026-02-01 00:20:30 - ExperimentRunner - INFO - [exp_20260201_001522_7aa8effe] üöÄ Executing step_8.py in Docker (Attempt 1)...
2026-02-01 00:20:33 - ExperimentRunner - INFO - [exp_20260201_001522_7aa8effe] ‚úÖ Execution successful.
2026-02-01 00:20:33 - ExperimentRunner - INFO - [exp_20260201_001522_7aa8effe] Output:
Starting comprehensive benchmarking...
No parameter combinations found in config.
No benchmark results were generated.
2026-02-01 00:20:33 - ExperimentRunner - INFO - [exp_20260201_001522_7aa8effe] üì¶ Commiting changes to Git...
2026-02-01 00:20:33 - ExperimentRunner - INFO - [exp_20260201_001522_7aa8effe] Git commit successful.
2026-02-01 00:20:33 - ExperimentRunner - INFO - [exp_20260201_001522_7aa8effe] ‚úÖ Step 8 completed sequence.
2026-02-01 00:20:34 - ExperimentRunner - INFO - [exp_20260201_001522_7aa8effe] ‚ñ∂Ô∏è Starting Step 9: Result Analysis
2026-02-01 00:20:34 - ExperimentRunner - INFO - [exp_20260201_001522_7aa8effe]    Description: Analyze benchmarking results and verify success criteria
2026-02-01 00:20:34 - ExperimentRunner - INFO - [exp_20260201_001522_7aa8effe] ü§ñ Generating code for Step 9...
2026-02-01 00:20:34 - CodingAgent - INFO - Generating code for step: Result Analysis
2026-02-01 00:21:09 - CodingAgent - INFO - LLM Response received (length: 2677)
2026-02-01 00:21:09 - ExperimentRunner - INFO - [exp_20260201_001522_7aa8effe] üíæ Saving code to step_9.py...
2026-02-01 00:21:09 - ExperimentRunner - INFO - [exp_20260201_001522_7aa8effe] üöÄ Executing step_9.py in Docker (Attempt 1)...
2026-02-01 00:21:14 - ExperimentRunner - INFO - [exp_20260201_001522_7aa8effe] ‚ùå Execution failed (Attempt 1). Error:
Traceback (most recent call last):
  File "/home/researcher/workspace/step_9.py", line 82, in <module>
Saved results to correlation_analysis.json
    analyze_results()
  File "/home/researcher/workspa...
2026-02-01 00:21:14 - ExperimentRunner - INFO - [exp_20260201_001522_7aa8effe] ü§ñ Asking CodingAgent to fix the code...
2026-02-01 00:21:14 - CodingAgent - INFO - Attempting to fix code...
2026-02-01 00:21:35 - CodingAgent - INFO - Fix Response received (length: 4247)
2026-02-01 00:21:35 - ExperimentRunner - INFO - [exp_20260201_001522_7aa8effe] üíæ Saving fixed code to step_9.py...
2026-02-01 00:21:35 - ExperimentRunner - INFO - [exp_20260201_001522_7aa8effe] üîÑ Attempt 1/3: Fixing code...
2026-02-01 00:21:35 - ExperimentRunner - INFO - [exp_20260201_001522_7aa8effe] üöÄ Executing step_9.py in Docker (Attempt 2)...
2026-02-01 00:21:38 - ExperimentRunner - INFO - [exp_20260201_001522_7aa8effe] ‚úÖ Execution successful.
2026-02-01 00:21:38 - ExperimentRunner - INFO - [exp_20260201_001522_7aa8effe] Output:
Error: Required columns {'f1_score'} not found in inversion_degrees_results.csv
2026-02-01 00:21:38 - ExperimentRunner - INFO - [exp_20260201_001522_7aa8effe] üì¶ Commiting changes to Git...
2026-02-01 00:21:38 - ExperimentRunner - INFO - [exp_20260201_001522_7aa8effe] Git commit successful.
2026-02-01 00:21:38 - ExperimentRunner - INFO - [exp_20260201_001522_7aa8effe] ‚úÖ Step 9 completed sequence.
2026-02-01 00:21:39 - ExperimentRunner - INFO - [exp_20260201_001522_7aa8effe] üìà Starting Data Analysis & Conclusion Synthesis...
2026-02-01 00:21:39 - DataAnalysisAgent - INFO - Running LLM for: generate_analysis_code
2026-02-01 00:21:59 - ExperimentRunner - INFO - [exp_20260201_001522_7aa8effe] üöÄ Executing final_analysis.py in Docker...
2026-02-01 00:22:06 - ExperimentRunner - INFO - [exp_20260201_001522_7aa8effe] ‚ö†Ô∏è Analysis script execution failed: 
2026-02-01 00:22:06 - DataAnalysisAgent - INFO - Running LLM for: synthesize_conclusion
2026-02-01 00:22:16 - ExperimentRunner - INFO - [exp_20260201_001522_7aa8effe] ‚úÖ Conclusion synthesized and saved to conclusion.json
2026-02-01 00:22:16 - ExperimentRunner - INFO - [exp_20260201_001522_7aa8effe] üéâ All steps executed successfully. Experiment finished.
